<?xml version="1.0" encoding="UTF-8"?>
<testsuite xmlns:xsi="http://www.w3.org/2001/XMLSchema-instance" xsi:noNamespaceSchemaLocation="https://maven.apache.org/surefire/maven-surefire-plugin/xsd/surefire-test-report-3.0.xsd" version="3.0" name="it.uniroma2.dicii.isw2.jcs.paramTests.RemovalTestUtil" time="0" tests="2" errors="0" skipped="0" failures="0">
  <properties>
    <property name="sun.desktop" value="windows"/>
    <property name="awt.toolkit" value="sun.awt.windows.WToolkit"/>
    <property name="file.encoding.pkg" value="sun.io"/>
    <property name="java.specification.version" value="1.8"/>
    <property name="sun.cpu.isalist" value="amd64"/>
    <property name="sun.jnu.encoding" value="Cp1252"/>
    <property name="java.class.path" value="C:\Users\fabio\OneDrive\Progetti\Ing Software De Angelis\jcs-unitTests\target\test-classes;C:\Users\fabio\OneDrive\Progetti\Ing Software De Angelis\jcs-unitTests\target\classes;C:\Users\fabio\.m2\repository\org\apache\jcs\jcs\1.3\jcs-1.3.jar;C:\Users\fabio\.m2\repository\commons-logging\commons-logging\1.1\commons-logging-1.1.jar;C:\Users\fabio\.m2\repository\log4j\log4j\1.2.12\log4j-1.2.12.jar;C:\Users\fabio\.m2\repository\logkit\logkit\1.0.1\logkit-1.0.1.jar;C:\Users\fabio\.m2\repository\avalon-framework\avalon-framework\4.1.3\avalon-framework-4.1.3.jar;C:\Users\fabio\.m2\repository\javax\servlet\servlet-api\2.3\servlet-api-2.3.jar;C:\Users\fabio\.m2\repository\concurrent\concurrent\1.0\concurrent-1.0.jar;C:\Users\fabio\.m2\repository\junit\junit\4.11\junit-4.11.jar;C:\Users\fabio\.m2\repository\org\hamcrest\hamcrest-core\1.3\hamcrest-core-1.3.jar;"/>
    <property name="java.vm.vendor" value="Oracle Corporation"/>
    <property name="sun.arch.data.model" value="64"/>
    <property name="user.variant" value=""/>
    <property name="java.vendor.url" value="http://java.oracle.com/"/>
    <property name="user.timezone" value="Europe/Berlin"/>
    <property name="java.vm.specification.version" value="1.8"/>
    <property name="os.name" value="Windows 10"/>
    <property name="user.country" value="IT"/>
    <property name="sun.java.launcher" value="SUN_STANDARD"/>
    <property name="sun.boot.library.path" value="C:\Program Files\Java\jdk1.8.0_161\jre\bin"/>
    <property name="sun.java.command" value="C:\Users\fabio\AppData\Local\Temp\surefire6688461385756332778\surefirebooter880375636605211206.jar C:\Users\fabio\AppData\Local\Temp\surefire6688461385756332778 2021-06-17T16-01-56_902-jvmRun1 surefire8287182921379014330tmp surefire_05991752929530700418tmp"/>
    <property name="surefire.test.class.path" value="C:\Users\fabio\OneDrive\Progetti\Ing Software De Angelis\jcs-unitTests\target\test-classes;C:\Users\fabio\OneDrive\Progetti\Ing Software De Angelis\jcs-unitTests\target\classes;C:\Users\fabio\.m2\repository\org\apache\jcs\jcs\1.3\jcs-1.3.jar;C:\Users\fabio\.m2\repository\commons-logging\commons-logging\1.1\commons-logging-1.1.jar;C:\Users\fabio\.m2\repository\log4j\log4j\1.2.12\log4j-1.2.12.jar;C:\Users\fabio\.m2\repository\logkit\logkit\1.0.1\logkit-1.0.1.jar;C:\Users\fabio\.m2\repository\avalon-framework\avalon-framework\4.1.3\avalon-framework-4.1.3.jar;C:\Users\fabio\.m2\repository\javax\servlet\servlet-api\2.3\servlet-api-2.3.jar;C:\Users\fabio\.m2\repository\concurrent\concurrent\1.0\concurrent-1.0.jar;C:\Users\fabio\.m2\repository\junit\junit\4.11\junit-4.11.jar;C:\Users\fabio\.m2\repository\org\hamcrest\hamcrest-core\1.3\hamcrest-core-1.3.jar;"/>
    <property name="sun.cpu.endian" value="little"/>
    <property name="user.home" value="C:\Users\fabio"/>
    <property name="user.language" value="it"/>
    <property name="java.specification.vendor" value="Oracle Corporation"/>
    <property name="java.home" value="C:\Program Files\Java\jdk1.8.0_161\jre"/>
    <property name="basedir" value="C:\Users\fabio\OneDrive\Progetti\Ing Software De Angelis\jcs-unitTests"/>
    <property name="file.separator" value="\"/>
    <property name="line.separator" value="&#10;"/>
    <property name="java.vm.specification.vendor" value="Oracle Corporation"/>
    <property name="java.specification.name" value="Java Platform API Specification"/>
    <property name="java.awt.graphicsenv" value="sun.awt.Win32GraphicsEnvironment"/>
    <property name="surefire.real.class.path" value="C:\Users\fabio\AppData\Local\Temp\surefire6688461385756332778\surefirebooter880375636605211206.jar"/>
    <property name="sun.boot.class.path" value="C:\Program Files\Java\jdk1.8.0_161\jre\lib\resources.jar;C:\Program Files\Java\jdk1.8.0_161\jre\lib\rt.jar;C:\Program Files\Java\jdk1.8.0_161\jre\lib\sunrsasign.jar;C:\Program Files\Java\jdk1.8.0_161\jre\lib\jsse.jar;C:\Program Files\Java\jdk1.8.0_161\jre\lib\jce.jar;C:\Program Files\Java\jdk1.8.0_161\jre\lib\charsets.jar;C:\Program Files\Java\jdk1.8.0_161\jre\lib\jfr.jar;C:\Program Files\Java\jdk1.8.0_161\jre\classes"/>
    <property name="user.script" value=""/>
    <property name="sun.management.compiler" value="HotSpot 64-Bit Tiered Compilers"/>
    <property name="java.runtime.version" value="1.8.0_161-b12"/>
    <property name="user.name" value="fabio"/>
    <property name="path.separator" value=";"/>
    <property name="os.version" value="10.0"/>
    <property name="java.endorsed.dirs" value="C:\Program Files\Java\jdk1.8.0_161\jre\lib\endorsed"/>
    <property name="java.runtime.name" value="Java(TM) SE Runtime Environment"/>
    <property name="file.encoding" value="Cp1252"/>
    <property name="java.vm.name" value="Java HotSpot(TM) 64-Bit Server VM"/>
    <property name="localRepository" value="C:\Users\fabio\.m2\repository"/>
    <property name="java.vendor.url.bug" value="http://bugreport.sun.com/bugreport/"/>
    <property name="java.io.tmpdir" value="C:\Users\fabio\AppData\Local\Temp\"/>
    <property name="java.version" value="1.8.0_161"/>
    <property name="user.dir" value="C:\Users\fabio\OneDrive\Progetti\Ing Software De Angelis\jcs-unitTests"/>
    <property name="os.arch" value="amd64"/>
    <property name="java.vm.specification.name" value="Java Virtual Machine Specification"/>
    <property name="java.awt.printerjob" value="sun.awt.windows.WPrinterJob"/>
    <property name="sun.os.patch.level" value=""/>
    <property name="java.library.path" value="C:\Program Files\Java\jdk1.8.0_161\jre\bin;C:\WINDOWS\Sun\Java\bin;C:\WINDOWS\system32;C:\WINDOWS;C:/Program Files/Java/jre1.8.0_161/bin/server;C:/Program Files/Java/jre1.8.0_161/bin;C:/Program Files/Java/jre1.8.0_161/lib/amd64;C:\Program Files\Common Files\Oracle\Java\javapath;C:\Progra~1\Java\apache-maven-3.8.1\bin;C:\Users\fabio\AppData\Local\Microsoft\WindowsApps;C:\Users\fabio\AppData\Local\GitHubDesktop\bin;C:\WINDOWS\System32;;."/>
    <property name="java.vm.info" value="mixed mode"/>
    <property name="java.vendor" value="Oracle Corporation"/>
    <property name="java.vm.version" value="25.161-b12"/>
    <property name="java.ext.dirs" value="C:\Program Files\Java\jdk1.8.0_161\jre\lib\ext;C:\WINDOWS\Sun\Java\lib\ext"/>
    <property name="sun.io.unicode.encoding" value="UnicodeLittle"/>
    <property name="java.class.version" value="52.0"/>
  </properties>
  <testcase name="runRemovalTests[0]" classname="it.uniroma2.dicii.isw2.jcs.paramTests.RemovalTestUtil" time="0">
    <system-out><![CDATA[Confirmed that 5 items could be found
Confirmed that 5 items were removed
Region Name = testCache1
HitCountRam = 7
HitCountAux = 0
---------------------------LRU Memory Cache
List Size = 1
Map Size = 1
Put Count = 7
Hit Count = 7
Miss Count = 6
]]></system-out>
  </testcase>
  <testcase name="runRemovalTests[1]" classname="it.uniroma2.dicii.isw2.jcs.paramTests.RemovalTestUtil" time="0">
    <system-out><![CDATA[Confirmed that 9 items could be found
Confirmed that 9 items were removed
Region Name = testCache1
HitCountRam = 29
HitCountAux = 0
---------------------------LRU Memory Cache
List Size = 2
Map Size = 2
Put Count = 23
Hit Count = 29
Miss Count = 16
]]></system-out>
  </testcase>
</testsuite>